#
# There is insufficient memory for the Java Runtime Environment to continue.
# Native memory allocation (mmap) failed to map 264241152 bytes for G1 virtual space
# Possible reasons:
#   The system is out of physical RAM or swap space
#   The process is running with CompressedOops enabled, and the Java Heap may be blocking the growth of the native heap
# Possible solutions:
#   Reduce memory load on the system
#   Increase physical memory or swap space
#   Check if swap backing store is full
#   Decrease Java heap size (-Xmx/-Xms)
#   Decrease number of Java threads
#   Decrease Java thread stack sizes (-Xss)
#   Set larger code cache with -XX:ReservedCodeCacheSize=
#   JVM is running with Zero Based Compressed Oops mode in which the Java heap is
#     placed in the first 32GB address space. The Java Heap base address is the
#     maximum limit for the native heap growth. Please use -XX:HeapBaseMinAddress
#     to set the Java Heap base and to place the Java Heap above 32GB virtual address.
# This output file may be truncated or incomplete.
#
#  Out of Memory Error (os_windows.cpp:3771), pid=10840, tid=18684
#
# JRE version:  (17.0.7) (build )
# Java VM: OpenJDK 64-Bit Server VM (17.0.7+0-b2043.56-10550314, mixed mode, sharing, tiered, compressed oops, compressed class ptrs, g1 gc, windows-amd64)
# No core dump will be written. Minidumps are not enabled by default on client versions of Windows
#

---------------  S U M M A R Y ------------

Command Line: git4idea.http.GitAskPassApp Username for 'https://github.com': 

Host: 11th Gen Intel(R) Core(TM) i7-11800H @ 2.30GHz, 16 cores, 15G,  Windows 10 , 64 bit Build 19041 (10.0.19041.3636)
Time: Mon Mar 18 02:48:54 2024 Eastern Daylight Time elapsed time: 0.006968 seconds (0d 0h 0m 0s)

---------------  T H R E A D  ---------------

Current thread (0x000001df33ade9b0):  JavaThread "Unknown thread" [_thread_in_vm, id=18684, stack(0x000000d654e00000,0x000000d654f00000)]

Stack: [0x000000d654e00000,0x000000d654f00000]
Native frames: (J=compiled Java code, j=interpreted, Vv=VM code, C=native code)
V  [jvm.dll+0x683bfa]
V  [jvm.dll+0x8430a4]
V  [jvm.dll+0x8449be]
V  [jvm.dll+0x845023]
V  [jvm.dll+0x24ad2f]
V  [jvm.dll+0x680ac9]
V  [jvm.dll+0x67519a]
V  [jvm.dll+0x30b3cb]
V  [jvm.dll+0x312876]
V  [jvm.dll+0x36221e]
V  [jvm.dll+0x36244f]
V  [jvm.dll+0x2e14a8]
V  [jvm.dll+0x2e2414]
V  [jvm.dll+0x814391]
V  [jvm.dll+0x36ffe1]
V  [jvm.dll+0x7f396c]
V  [jvm.dll+0x3f305f]
V  [jvm.dll+0x3f4b91]
C  [jli.dll+0x528f]
C  [ucrtbase.dll+0x21bb2]
C  [KERNEL32.DLL+0x17344]
C  [ntdll.dll+0x526b1]


---------------  P R O C E S S  ---------------

Threads class SMR info:
_java_thread_list=0x00007ffdf38cd098, length=0, elements={
}

Java Threads: ( => current thread )

Other Threads:
  0x000001df35db1f00 GCTaskThread "GC Thread#0" [stack: 0x000000d654f00000,0x000000d655000000] [id=7920]
  0x000001df35dc2810 ConcurrentGCThread "G1 Main Marker" [stack: 0x000000d655000000,0x000000d655100000] [id=15216]
  0x000001df35dc5040 ConcurrentGCThread "G1 Conc#0" [stack: 0x000000d655100000,0x000000d655200000] [id=19308]

[error occurred during error reporting (printing all threads), id 0xc0000005, EXCEPTION_ACCESS_VIOLATION (0xc0000005) at pc=0x00007ffdf3082087]

VM state: not at safepoint (not fully initialized)

VM Mutex/Monitor currently owned by a thread:  ([mutex/lock_event])
[0x000001df35d45140] Heap_lock - owner thread: 0x000001df33ade9b0

Heap address: 0x0000000704400000, size: 4028 MB, Compressed Oops mode: Zero based, Oop shift amount: 3

CDS archive(s) mapped at: [0x0000000000000000-0x0000000000000000-0x0000000000000000), size 0, SharedBaseAddress: 0x0000000800000000, ArchiveRelocationMode: 0.
Narrow klass base: 0x0000000000000000, Narrow klass shift: 0, Narrow klass range: 0x0

GC Precious Log:
<Empty>

Heap:
 garbage-first heap   total 0K, used 0K [0x0000000704400000, 0x0000000800000000)
  region size 2048K, 0 young (0K), 0 survivors (0K)
 Metaspace       used 0K, committed 0K, reserved 0K
  class space    used 0K, committed 0K, reserved 0K

Heap Regions: E=young(eden), S=young(survivor), O=old, HS=humongous(starts), HC=humongous(continues), CS=collection set, F=free, OA=open archive, CA=closed archive, TAMS=top-at-mark-start (previous, next)

Card table byte_map: [0x000001df49280000,0x000001df49a60000] _byte_map_base: 0x000001df45a5e000

Marking Bits (Prev, Next): (CMBitMap*) 0x000001df35db2320, (CMBitMap*) 0x000001df35db2360
 Prev Bits: [0x000001df4a240000, 0x000001df4e130000)
 Next Bits: [0x000001df4e130000, 0x000001df52020000)

GC Heap History (0 events):
No events

Dll operation events (1 events):
Event: 0.004 Loaded shared library C:\Program Files\Android\Android Studio\jbr\bin\java.dll

Deoptimization events (0 events):
No events

Classes unloaded (0 events):
No events

Classes redefined (0 events):
No events

Internal exceptions (0 events):
No events

VM Operations (0 events):
No events

Events (0 events):
No events


Dynamic libraries:
0x00007ff721890000 - 0x00007ff72189a000 	C:\Program Files\Android\Android Studio\jbr\bin\java.exe
0x00007ffe9aed0000 - 0x00007ffe9b0c8000 	C:\Windows\SYSTEM32\ntdll.dll
0x00007ffe99240000 - 0x00007ffe992fd000 	C:\Windows\System32\KERNEL32.DLL
0x00007ffe98c00000 - 0x00007ffe98ef6000 	C:\Windows\System32\KERNELBASE.dll
0x00007ffe98830000 - 0x00007ffe98930000 	C:\Windows\System32\ucrtbase.dll
0x00007ffe89f70000 - 0x00007ffe89f87000 	C:\Program Files\Android\Android Studio\jbr\bin\jli.dll
0x00007ffe76d00000 - 0x00007ffe76d1b000 	C:\Program Files\Android\Android Studio\jbr\bin\VCRUNTIME140.dll
0x00007ffe99a10000 - 0x00007ffe99bae000 	C:\Windows\System32\USER32.dll
0x00007ffe98580000 - 0x00007ffe985a2000 	C:\Windows\System32\win32u.dll
0x00007ffe8a810000 - 0x00007ffe8aaaa000 	C:\Windows\WinSxS\amd64_microsoft.windows.common-controls_6595b64144ccf1df_6.0.19041.3636_none_60b6a03d71f818d5\COMCTL32.dll
0x00007ffe99610000 - 0x00007ffe9963b000 	C:\Windows\System32\GDI32.dll
0x00007ffe98930000 - 0x00007ffe98a47000 	C:\Windows\System32\gdi32full.dll
0x00007ffe9adf0000 - 0x00007ffe9ae8e000 	C:\Windows\System32\msvcrt.dll
0x00007ffe98a50000 - 0x00007ffe98aed000 	C:\Windows\System32\msvcp_win.dll
0x00007ffe9a9f0000 - 0x00007ffe9aa22000 	C:\Windows\System32\IMM32.DLL
0x00007ffe8adb0000 - 0x00007ffe8adbc000 	C:\Program Files\Android\Android Studio\jbr\bin\vcruntime140_1.dll
0x00007ffe752c0000 - 0x00007ffe7534d000 	C:\Program Files\Android\Android Studio\jbr\bin\msvcp140.dll
0x00007ffdf2d90000 - 0x00007ffdf3a10000 	C:\Program Files\Android\Android Studio\jbr\bin\server\jvm.dll
0x00007ffe99bb0000 - 0x00007ffe99c60000 	C:\Windows\System32\ADVAPI32.dll
0x00007ffe99c60000 - 0x00007ffe99d00000 	C:\Windows\System32\sechost.dll
0x00007ffe99430000 - 0x00007ffe99555000 	C:\Windows\System32\RPCRT4.dll
0x00007ffe98af0000 - 0x00007ffe98b17000 	C:\Windows\System32\bcrypt.dll
0x00007ffe87200000 - 0x00007ffe87227000 	C:\Windows\SYSTEM32\WINMM.dll
0x00007ffe8db30000 - 0x00007ffe8db3a000 	C:\Windows\SYSTEM32\VERSION.dll
0x00007ffe84290000 - 0x00007ffe84299000 	C:\Windows\SYSTEM32\WSOCK32.dll
0x00007ffe9abc0000 - 0x00007ffe9ac2b000 	C:\Windows\System32\WS2_32.dll
0x00007ffe96dc0000 - 0x00007ffe96dd2000 	C:\Windows\SYSTEM32\kernel.appcore.dll
0x00007ffe8ea80000 - 0x00007ffe8ea8a000 	C:\Program Files\Android\Android Studio\jbr\bin\jimage.dll
0x00007ffe96ac0000 - 0x00007ffe96ca4000 	C:\Windows\SYSTEM32\DBGHELP.DLL
0x00007ffe8bc20000 - 0x00007ffe8bc54000 	C:\Windows\SYSTEM32\dbgcore.DLL
0x00007ffe98b70000 - 0x00007ffe98bf2000 	C:\Windows\System32\bcryptPrimitives.dll
0x00007ffe8c5b0000 - 0x00007ffe8c5d5000 	C:\Program Files\Android\Android Studio\jbr\bin\java.dll

dbghelp: loaded successfully - version: 4.0.5 - missing functions: none
symbol engine: initialized successfully - sym options: 0x614 - pdb path: .;C:\Program Files\Android\Android Studio\jbr\bin;C:\Windows\SYSTEM32;C:\Windows\WinSxS\amd64_microsoft.windows.common-controls_6595b64144ccf1df_6.0.19041.3636_none_60b6a03d71f818d5;C:\Program Files\Android\Android Studio\jbr\bin\server

VM Arguments:
java_command: git4idea.http.GitAskPassApp Username for 'https://github.com': 
java_class_path (initial): C:/Program Files/Android/Android Studio/plugins/vcs-git/lib/git4idea-rt.jar;C:/Program Files/Android/Android Studio/lib/externalProcess-rt.jar
Launcher Type: SUN_STANDARD

[Global flags]
     intx CICompilerCount                          = 12                                        {product} {ergonomic}
     uint ConcGCThreads                            = 3                                         {product} {ergonomic}
     uint G1ConcRefinementThreads                  = 13                                        {product} {ergonomic}
   size_t G1HeapRegionSize                         = 2097152                                   {product} {ergonomic}
    uintx GCDrainStackTargetSize                   = 64                                        {product} {ergonomic}
   size_t InitialHeapSize                          = 264241152                                 {product} {ergonomic}
   size_t MarkStackSize                            = 4194304                                   {product} {ergonomic}
   size_t MaxHeapSize                              = 4223664128                                {product} {ergonomic}
   size_t MinHeapDeltaBytes                        = 2097152                                   {product} {ergonomic}
   size_t MinHeapSize                              = 8388608                                   {product} {ergonomic}
    uintx NonNMethodCodeHeapSize                   = 7602480                                {pd product} {ergonomic}
    uintx NonProfiledCodeHeapSize                  = 122027880                              {pd product} {ergonomic}
    uintx ProfiledCodeHeapSize                     = 122027880                              {pd product} {ergonomic}
    uintx ReservedCodeCacheSize                    = 251658240                              {pd product} {ergonomic}
     bool SegmentedCodeCache                       = true                                      {product} {ergonomic}
   size_t SoftMaxHeapSize                          = 4223664128                             {manageable} {ergonomic}
     bool UseCompressedClassPointers               = true                           {product lp64_product} {ergonomic}
     bool UseCompressedOops                        = true                           {product lp64_product} {ergonomic}
     bool UseG1GC                                  = true                                      {product} {ergonomic}
     bool UseLargePagesIndividualAllocation        = false                                  {pd product} {ergonomic}

Logging:
Log output configuration:
 #0: stdout all=warning uptime,level,tags
 #1: stderr all=off uptime,level,tags

Environment Variables:
JAVA_HOME=C:\AmazonCorretto\jdk17.0.7_7
PATH=C:\Program Files\Git\mingw64\libexec\git-core;C:\Program Files\Git\mingw64\libexec\git-core;C:\Program Files\Git\mingw64\bin;C:\Program Files\Git\usr\bin;C:\Users\ahaha\bin;C:\Program Files\Common Files\Oracle\Java\javapath;C:\Users\ahaha\Desktop\Oracle\bin;C:\Program Files (x86)\VMware\VMware Workstation\bin;C:\AmazonCorretto\jdk17.0.7_7\bin;C:\ProgramData\Oracle\Java\javapath;C:\Windows\system32;C:\Windows;C:\Windows\System32\Wbem;C:\Windows\System32\WindowsPowerShell\v1.0;C:\Oracle\instantclient_19_21;C:\Program Files (x86)\NVIDIA Corporation\PhysX\Common;C:\Program Files\dotnet;C:\Program Files\NVIDIA Corporation\NVIDIA NvDLISR;C:\Program Files\Git\cmd;C:\Program Files (x86)\Microsoft SQL Server\160\Tools\Binn;C:\Program Files\Microsoft SQL Server\160\Tools\Binn;C:\Program Files\Microsoft SQL Server\Client SDK\ODBC\170\Tools\Binn;C:\Program Files\Microsoft SQL Server\160\DTS\Binn;C:\Program Files\Azure Data Studio\bin;C:\Program Files (x86)\Microsoft SQL Server\160\DTS\Binn;C:\Oracle\instantclient_21_12;C:\Oracle32\instantclient_21_12;C:\Oracle\instantclient_21_12;C:\Program Files (x86)\Windows Kits\10\Windows Performance Toolkit;C:\Program Files\MySQL\MySQL Shell 8.0\bin;C:\Users\ahaha\AppData\Local\Programs\Python\Python311\Scripts;C:\Users\ahaha\AppData\Local\Programs\Python\Python311;C:\Users\ahaha\AppData\Local\Microsoft\WindowsApps;C:\Program Files\Azure Data Studio\bin;C:\Users\ahaha\AppData\Local\GitHubDesktop\bin;C:\Users\ahaha\AppData\Local\Programs\Microsoft VS Code\bin;C:\Program Files\Microsoft Visual Studio\2022\Community\VC\Tools\MSVC\14.39.33519\bin\Hostx64\x64;C:\Program Files\Microsoft Visual Studio\2022\Community\VC\Tools\MSVC\14.39.33519\bin\Hostx64\x86;C:\MinGW\bin;C:\Program Files\Microsoft Visual Studio\2022\Community\VC\Tools\MSVC\14.39.33519\bin\Hostx64\x64\cl.exe;C:\Program Files\Microsoft Visual Studio\2022\Community\VC\Tools\MSVC\14.39.33519\bin\Hostx64\x86\cl.exe;C:\MinGW\bin
USERNAME=ahaha
DISPLAY=:0.0
LC_ALL=en_US.UTF-8
TERM=xterm-256color
TMPDIR=C:\Users\ahaha\AppData\Local\Temp
OS=Windows_NT
PROCESSOR_IDENTIFIER=Intel64 Family 6 Model 141 Stepping 1, GenuineIntel
TMP=C:\Users\ahaha\AppData\Local\Temp
TEMP=C:\Users\ahaha\AppData\Local\Temp


JNI global refs:
JNI global refs: 0, weak refs: 0

JNI global refs memory usage: 0, weak refs: 0

OOME stack traces (most recent first):
Classloader memory used:


---------------  S Y S T E M  ---------------

OS:
 Windows 10 , 64 bit Build 19041 (10.0.19041.3636)
OS uptime: 2 days 23:17 hours

CPU: total 16 (initial active 16) (8 cores per cpu, 2 threads per core) family 6 model 141 stepping 1 microcode 0x4e, cx8, cmov, fxsr, ht, mmx, 3dnowpref, sse, sse2, sse3, ssse3, sse4.1, sse4.2, popcnt, lzcnt, tsc, tscinvbit, avx, avx2, aes, erms, clmul, bmi1, bmi2, adx, avx512f, avx512dq, avx512cd, avx512bw, avx512vl, sha, fma, vzeroupper, avx512_vpopcntdq, avx512_vpclmulqdq, avx512_vaes, avx512_vnni, clflush, clflushopt, clwb, avx512_vbmi2, avx512_vbmi

Memory: 4k page, system-wide physical 16110M (835M free)
TotalPageFile size 37573M (AvailPageFile size 138M)
current process WorkingSet (physical memory assigned to process): 10M, peak: 10M
current process commit charge ("private bytes"): 70M, peak: 322M

vm_info: OpenJDK 64-Bit Server VM (17.0.7+0-b2043.56-10550314) for windows-amd64 JRE (17.0.7+0-b2043.56-10550314), built on Jul 24 2023 18:27:45 by "androidbuild" with MS VC++ 16.10 / 16.11 (VS2019)

END.
